<!DOCTYPE html PUBLIC "-//W3C//DTD XHTML 1.1//EN" "http://www.w3.org/TR/xhtml11/DTD/xhtml11.dtd">
<html xmlns="http://www.w3.org/1999/xhtml">
<head>
<meta http-equiv="content-type" content="text/html; charset=UTF-8"/>
<title>TestNG Report</title>
<style type="text/css">table {margin-bottom:10px;border-collapse:collapse;empty-cells:show}th,td {border:1px solid #009;padding:.25em .5em}th {vertical-align:bottom}td {vertical-align:top}table a {font-weight:bold}.stripe td {background-color: #E6EBF9}.num {text-align:right}.passedodd td {background-color: #3F3}.passedeven td {background-color: #0A0}.skippedodd td {background-color: #DDD}.skippedeven td {background-color: #CCC}.failedodd td,.attn {background-color: #F33}.failedeven td,.stripe .attn {background-color: #D00}.stacktrace {white-space:pre;font-family:monospace}.totop {font-size:85%;text-align:center;border-bottom:2px solid #000}.invisible {display:none}</style>
</head>
<body>
<table>
<tr><th>Test</th><th># Passed</th><th># Skipped</th><th># Failed</th><th>Time (ms)</th><th>Included Groups</th><th>Excluded Groups</th></tr>
<tr><th colspan="7">Surefire suite</th></tr>
<tr><td><a href="#t0">Surefire test</a></td><td class="num">22</td><td class="num attn">1</td><td class="num attn">3</td><td class="num">218.410</td><td></td><td></td></tr>
</table>
<table id='summary'><thead><tr><th>Class</th><th>Method</th><th>Start</th><th>Time (ms)</th></tr></thead><tbody><tr><th colspan="4">Surefire suite</th></tr></tbody><tbody id="t0"><tr><th colspan="4">Surefire test &#8212; failed (configuration methods)</th></tr><tr class="failedeven"><td rowspan="2">com.herokuapp.theinternet.KeyPressTest</td><td><a href="#m0">setUp</a></td><td rowspan="1">1586861888862</td><td rowspan="1">2280</td></tr><tr class="failedeven"><td><a href="#m1">tearDown</a></td><td rowspan="1">1586861891144</td><td rowspan="1">0</td></tr><tr><th colspan="4">Surefire test &#8212; failed</th></tr><tr class="failedeven"><td rowspan="1">com.herokuapp.theinternet.DropDownTest</td><td><a href="#m2">dropdownclick</a></td><td rowspan="1">1586861864447</td><td rowspan="1">2184</td></tr><tr class="failedodd"><td rowspan="1">com.herokuapp.theinternet.HoverOverTests</td><td><a href="#m3">handOver</a></td><td rowspan="1">1586861878252</td><td rowspan="1">5121</td></tr><tr class="failedeven"><td rowspan="1">com.herokuapp.theinternet.JsErrorTest</td><td><a href="#m4">jsErrorTest</a></td><td rowspan="1">1586861888278</td><td rowspan="1">507</td></tr><tr><th colspan="4">Surefire test &#8212; skipped</th></tr><tr class="skippedeven"><td rowspan="1">com.herokuapp.theinternet.KeyPressTest</td><td><a href="#m5">keyPress</a></td><td rowspan="1">1586861891143</td><td rowspan="1">0</td></tr><tr><th colspan="4">Surefire test &#8212; passed</th></tr><tr class="passedeven"><td rowspan="3">com.herokuapp.theinternet.AlertTests</td><td><a href="#m6">alertAcceptTest</a></td><td rowspan="1">1586861803163</td><td rowspan="1">5220</td></tr><tr class="passedeven"><td><a href="#m7">alertInfoTest</a></td><td rowspan="1">1586861813295</td><td rowspan="1">5066</td></tr><tr class="passedeven"><td><a href="#m8">alertPromptText</a></td><td rowspan="1">1586861823063</td><td rowspan="1">5125</td></tr><tr class="passedodd"><td rowspan="1">com.herokuapp.theinternet.CheckBoxPageTest</td><td><a href="#m9">checkboxclick</a></td><td rowspan="1">1586861840572</td><td rowspan="1">3958</td></tr><tr class="passedeven"><td rowspan="2">com.herokuapp.theinternet.DataProviderTests</td><td><a href="#m10">dataProviderTest</a></td><td rowspan="2">1586861844618</td><td rowspan="2">7551</td></tr><tr class="passedeven"><td><a href="#m11">dataProviderTest</a></td></tr><tr class="passedodd"><td rowspan="1">com.herokuapp.theinternet.FrameHandelingTest</td><td><a href="#m12">frameTest</a></td><td rowspan="1">1586861871530</td><td rowspan="1">6635</td></tr><tr class="passedeven"><td rowspan="2">com.herokuapp.theinternet.LoginTests</td><td><a href="#m13">negativLoginTests</a></td><td rowspan="1">1586861983110</td><td rowspan="1">7261</td></tr><tr class="passedeven"><td><a href="#m14">positiveLoginTest</a></td><td rowspan="1">1586861959133</td><td rowspan="1">7253</td></tr><tr class="passedodd"><td rowspan="5">com.herokuapp.theinternet.NegativeLoginTests</td><td><a href="#m15">negativeLoginTest</a></td><td rowspan="5">1586861911757</td><td rowspan="5">2865</td></tr><tr class="passedodd"><td><a href="#m16">negativeLoginTest</a></td></tr><tr class="passedodd"><td><a href="#m17">negativeLoginTest</a></td></tr><tr class="passedodd"><td><a href="#m18">negativeLoginTest</a></td></tr><tr class="passedodd"><td><a href="#m19">negativeLoginTest</a></td></tr><tr class="passedeven"><td rowspan="1">com.herokuapp.theinternet.NewWindowTest</td><td><a href="#m20">newWindowTest</a></td><td rowspan="1">1586861948735</td><td rowspan="1">8567</td></tr><tr class="passedodd"><td rowspan="1">com.herokuapp.theinternet.PositivTests</td><td><a href="#m21">loginTest</a></td><td rowspan="1">1586861931072</td><td rowspan="1">12379</td></tr><tr class="passedeven"><td rowspan="5">com.herokuapp.theinternet.PositiveLoginTests</td><td><a href="#m22">PositiveLoginTest</a></td><td rowspan="2">1586861970979</td><td rowspan="2">2824</td></tr><tr class="passedeven"><td><a href="#m23">PositiveLoginTest</a></td></tr><tr class="passedeven"><td><a href="#m24">PositiveLoginTest1</a></td><td rowspan="3">1586861995255</td><td rowspan="3">2914</td></tr><tr class="passedeven"><td><a href="#m25">PositiveLoginTest1</a></td></tr><tr class="passedeven"><td><a href="#m26">PositiveLoginTest1</a></td></tr><tr class="passedodd"><td rowspan="1">com.herokuapp.theinternet.UploadFileTest</td><td><a href="#m27">uploadFile</a></td><td rowspan="1">1586861828323</td><td rowspan="1">7443</td></tr></tbody>
</table>
<h2>Surefire test</h2><h3 id="m0">com.herokuapp.theinternet.KeyPressTest#setUp</h3><table class="result"><tr class="param"><th>Parameter #1</th><th>Parameter #2</th><th>Parameter #3</th><th>Parameter #4</th><th>Parameter #5</th></tr><tr class="param stripe"><td>public void com.herokuapp.theinternet.KeyPressTest.keyPress()</td><td>chrome</td><td>null</td><td>null</td><td>org.testng.TestRunner@b94703b</td></tr><tr><th colspan="5">Exception</th></tr><tr><td colspan="5"><div class="stacktrace">org.openqa.selenium.WebDriverException: unknown error: Chrome failed to start: exited normally.
  (chrome not reachable)
  (The process started from chrome location /Applications/Google Chrome.app/Contents/MacOS/Google Chrome is no longer running, so ChromeDriver is assuming that Chrome has crashed.)
Build info: version: &apos;3.141.59&apos;, revision: &apos;e82be7d358&apos;, time: &apos;2018-11-14T08:17:03&apos;
System info: host: &apos;Maharshis-MBP.fritz.box&apos;, ip: &apos;fe80:0:0:0:82e6:50ff:fe13:a85e%en0&apos;, os.name: &apos;Mac OS X&apos;, os.arch: &apos;x86_64&apos;, os.version: &apos;10.11.6&apos;, java.version: &apos;13.0.2&apos;
Driver info: driver.version: ChromeDriver
remote stacktrace: 0   chromedriver                        0x00000001092b4329 chromedriver + 3838761
1   chromedriver                        0x000000010924e123 chromedriver + 3420451
2   chromedriver                        0x0000000108fc262f chromedriver + 751151
3   chromedriver                        0x0000000108f2089f chromedriver + 88223
4   chromedriver                        0x0000000108f4f473 chromedriver + 279667
5   chromedriver                        0x0000000108f4c2b3 chromedriver + 266931
6   chromedriver                        0x0000000108f260bd chromedriver + 110781
7   chromedriver                        0x0000000108f27055 chromedriver + 114773
8   chromedriver                        0x0000000109275ebf chromedriver + 3583679
9   chromedriver                        0x0000000109282e4a chromedriver + 3636810
10  chromedriver                        0x0000000109282be7 chromedriver + 3636199
11  chromedriver                        0x0000000109259839 chromedriver + 3467321
12  chromedriver                        0x0000000109283707 chromedriver + 3639047
13  chromedriver                        0x000000010926bcc7 chromedriver + 3542215
14  chromedriver                        0x0000000109299324 chromedriver + 3728164
15  chromedriver                        0x00000001092ba387 chromedriver + 3863431
16  libsystem_pthread.dylib             0x00007fff95f8699d _pthread_body + 131
17  libsystem_pthread.dylib             0x00007fff95f8691a _pthread_body + 0
18  libsystem_pthread.dylib             0x00007fff95f84351 thread_start + 13

	at org.openqa.selenium.remote.W3CHandshakeResponse.lambda$errorHandler$0(W3CHandshakeResponse.java:62)
	at org.openqa.selenium.remote.HandshakeResponse.lambda$getResponseFunction$0(HandshakeResponse.java:30)
	at org.openqa.selenium.remote.ProtocolHandshake.lambda$createSession$0(ProtocolHandshake.java:126)
	at java.base/java.util.stream.ReferencePipeline$3$1.accept(ReferencePipeline.java:195)
	at java.base/java.util.Spliterators$ArraySpliterator.tryAdvance(Spliterators.java:958)
	at java.base/java.util.stream.ReferencePipeline.forEachWithCancel(ReferencePipeline.java:127)
	at java.base/java.util.stream.AbstractPipeline.copyIntoWithCancel(AbstractPipeline.java:502)
	at java.base/java.util.stream.AbstractPipeline.copyInto(AbstractPipeline.java:488)
	at java.base/java.util.stream.AbstractPipeline.wrapAndCopyInto(AbstractPipeline.java:474)
	at java.base/java.util.stream.FindOps$FindOp.evaluateSequential(FindOps.java:150)
	at java.base/java.util.stream.AbstractPipeline.evaluate(AbstractPipeline.java:234)
	at java.base/java.util.stream.ReferencePipeline.findFirst(ReferencePipeline.java:543)
	at org.openqa.selenium.remote.ProtocolHandshake.createSession(ProtocolHandshake.java:128)
	at org.openqa.selenium.remote.ProtocolHandshake.createSession(ProtocolHandshake.java:74)
	at org.openqa.selenium.remote.HttpCommandExecutor.execute(HttpCommandExecutor.java:136)
	at org.openqa.selenium.remote.service.DriverCommandExecutor.execute(DriverCommandExecutor.java:83)
	at org.openqa.selenium.remote.RemoteWebDriver.execute(RemoteWebDriver.java:552)
	at org.openqa.selenium.remote.RemoteWebDriver.startSession(RemoteWebDriver.java:213)
	at org.openqa.selenium.remote.RemoteWebDriver.&lt;init&gt;(RemoteWebDriver.java:131)
	at org.openqa.selenium.chrome.ChromeDriver.&lt;init&gt;(ChromeDriver.java:181)
	at org.openqa.selenium.chrome.ChromeDriver.&lt;init&gt;(ChromeDriver.java:168)
	at org.openqa.selenium.chrome.ChromeDriver.&lt;init&gt;(ChromeDriver.java:123)
	at com.pom.base.BaseDriverFactory.createDriver(BaseDriverFactory.java:36)
	at com.pom.base.BaseTest.setUp(BaseTest.java:49)
... Removed 38 stack frames</div></td></tr></table><p class="totop"><a href="#summary">back to summary</a></p>
<h3 id="m1">com.herokuapp.theinternet.KeyPressTest#tearDown</h3><table class="result"><tr><th>Exception</th></tr><tr><td><div class="stacktrace">java.lang.NullPointerException
	at com.pom.base.BaseTest.tearDown(BaseTest.java:73)
... Removed 33 stack frames</div></td></tr></table><p class="totop"><a href="#summary">back to summary</a></p>
<h3 id="m2">com.herokuapp.theinternet.DropDownTest#dropdownclick</h3><table class="result"><tr><th>Exception</th></tr><tr><td><div class="stacktrace">java.lang.AssertionError: The following asserts failed:
	Severe error: http://the-internet.herokuapp.com/favicon.ico - Failed to load resource: the server responded with a status of 404 (Not Found)
	at com.herokuapp.theinternet.DropDownTest.dropdownclick(DropDownTest.java:36)
... Removed 31 stack frames</div></td></tr></table><p class="totop"><a href="#summary">back to summary</a></p>
<h3 id="m3">com.herokuapp.theinternet.HoverOverTests#handOver</h3><table class="result"><tr><th>Exception</th></tr><tr><td><div class="stacktrace">org.openqa.selenium.ElementNotInteractableException: element not interactable
  (Session info: chrome=80.0.3987.163)
Build info: version: &apos;3.141.59&apos;, revision: &apos;e82be7d358&apos;, time: &apos;2018-11-14T08:17:03&apos;
System info: host: &apos;Maharshis-MBP.fritz.box&apos;, ip: &apos;fe80:0:0:0:82e6:50ff:fe13:a85e%en0&apos;, os.name: &apos;Mac OS X&apos;, os.arch: &apos;x86_64&apos;, os.version: &apos;10.11.6&apos;, java.version: &apos;13.0.2&apos;
Driver info: org.openqa.selenium.chrome.ChromeDriver
Capabilities {acceptInsecureCerts: false, browserName: chrome, browserVersion: 80.0.3987.163, chrome: {chromedriverVersion: 80.0.3987.106 (f68069574609..., userDataDir: /var/folders/7h/06nsyznd3yj...}, goog:chromeOptions: {debuggerAddress: localhost:60618}, javascriptEnabled: true, networkConnectionEnabled: false, pageLoadStrategy: normal, platform: MAC, platformName: MAC, proxy: Proxy(), setWindowRect: true, strictFileInteractability: false, timeouts: {implicit: 0, pageLoad: 300000, script: 30000}, unhandledPromptBehavior: dismiss and notify}
Session ID: 44c19a65469b7f080256d21779ee3433
	at org.openqa.selenium.remote.http.W3CHttpResponseCodec.createException(W3CHttpResponseCodec.java:187)
	at org.openqa.selenium.remote.http.W3CHttpResponseCodec.decode(W3CHttpResponseCodec.java:122)
	at org.openqa.selenium.remote.http.W3CHttpResponseCodec.decode(W3CHttpResponseCodec.java:49)
	at org.openqa.selenium.remote.HttpCommandExecutor.execute(HttpCommandExecutor.java:158)
	at org.openqa.selenium.remote.service.DriverCommandExecutor.execute(DriverCommandExecutor.java:83)
	at org.openqa.selenium.remote.RemoteWebDriver.execute(RemoteWebDriver.java:552)
	at org.openqa.selenium.remote.RemoteWebElement.execute(RemoteWebElement.java:285)
	at org.openqa.selenium.remote.RemoteWebElement.click(RemoteWebElement.java:84)
	at com.herokuapp.theinternet.HoverOverTests.handOver(HoverOverTests.java:32)
... Removed 35 stack frames</div></td></tr></table><p class="totop"><a href="#summary">back to summary</a></p>
<h3 id="m4">com.herokuapp.theinternet.JsErrorTest#jsErrorTest</h3><table class="result"><tr><th>Exception</th></tr><tr><td><div class="stacktrace">java.lang.AssertionError: The following asserts failed:
	Severe error: http://the-internet.herokuapp.com/javascript_error 6:51 Uncaught TypeError: Cannot read property &apos;xyz&apos; of undefined
	at com.herokuapp.theinternet.JsErrorTest.jsErrorTest(JsErrorTest.java:32)
... Removed 31 stack frames</div></td></tr></table><p class="totop"><a href="#summary">back to summary</a></p>
<h3 id="m5">com.herokuapp.theinternet.KeyPressTest#keyPress</h3><table class="result"><tr><th>Exception</th></tr><tr><td><div class="stacktrace">org.openqa.selenium.WebDriverException: unknown error: Chrome failed to start: exited normally.
  (chrome not reachable)
  (The process started from chrome location /Applications/Google Chrome.app/Contents/MacOS/Google Chrome is no longer running, so ChromeDriver is assuming that Chrome has crashed.)
Build info: version: &apos;3.141.59&apos;, revision: &apos;e82be7d358&apos;, time: &apos;2018-11-14T08:17:03&apos;
System info: host: &apos;Maharshis-MBP.fritz.box&apos;, ip: &apos;fe80:0:0:0:82e6:50ff:fe13:a85e%en0&apos;, os.name: &apos;Mac OS X&apos;, os.arch: &apos;x86_64&apos;, os.version: &apos;10.11.6&apos;, java.version: &apos;13.0.2&apos;
Driver info: driver.version: ChromeDriver
remote stacktrace: 0   chromedriver                        0x00000001092b4329 chromedriver + 3838761
1   chromedriver                        0x000000010924e123 chromedriver + 3420451
2   chromedriver                        0x0000000108fc262f chromedriver + 751151
3   chromedriver                        0x0000000108f2089f chromedriver + 88223
4   chromedriver                        0x0000000108f4f473 chromedriver + 279667
5   chromedriver                        0x0000000108f4c2b3 chromedriver + 266931
6   chromedriver                        0x0000000108f260bd chromedriver + 110781
7   chromedriver                        0x0000000108f27055 chromedriver + 114773
8   chromedriver                        0x0000000109275ebf chromedriver + 3583679
9   chromedriver                        0x0000000109282e4a chromedriver + 3636810
10  chromedriver                        0x0000000109282be7 chromedriver + 3636199
11  chromedriver                        0x0000000109259839 chromedriver + 3467321
12  chromedriver                        0x0000000109283707 chromedriver + 3639047
13  chromedriver                        0x000000010926bcc7 chromedriver + 3542215
14  chromedriver                        0x0000000109299324 chromedriver + 3728164
15  chromedriver                        0x00000001092ba387 chromedriver + 3863431
16  libsystem_pthread.dylib             0x00007fff95f8699d _pthread_body + 131
17  libsystem_pthread.dylib             0x00007fff95f8691a _pthread_body + 0
18  libsystem_pthread.dylib             0x00007fff95f84351 thread_start + 13

	at org.openqa.selenium.remote.W3CHandshakeResponse.lambda$errorHandler$0(W3CHandshakeResponse.java:62)
	at org.openqa.selenium.remote.HandshakeResponse.lambda$getResponseFunction$0(HandshakeResponse.java:30)
	at org.openqa.selenium.remote.ProtocolHandshake.lambda$createSession$0(ProtocolHandshake.java:126)
	at java.base/java.util.stream.ReferencePipeline$3$1.accept(ReferencePipeline.java:195)
	at java.base/java.util.Spliterators$ArraySpliterator.tryAdvance(Spliterators.java:958)
	at java.base/java.util.stream.ReferencePipeline.forEachWithCancel(ReferencePipeline.java:127)
	at java.base/java.util.stream.AbstractPipeline.copyIntoWithCancel(AbstractPipeline.java:502)
	at java.base/java.util.stream.AbstractPipeline.copyInto(AbstractPipeline.java:488)
	at java.base/java.util.stream.AbstractPipeline.wrapAndCopyInto(AbstractPipeline.java:474)
	at java.base/java.util.stream.FindOps$FindOp.evaluateSequential(FindOps.java:150)
	at java.base/java.util.stream.AbstractPipeline.evaluate(AbstractPipeline.java:234)
	at java.base/java.util.stream.ReferencePipeline.findFirst(ReferencePipeline.java:543)
	at org.openqa.selenium.remote.ProtocolHandshake.createSession(ProtocolHandshake.java:128)
	at org.openqa.selenium.remote.ProtocolHandshake.createSession(ProtocolHandshake.java:74)
	at org.openqa.selenium.remote.HttpCommandExecutor.execute(HttpCommandExecutor.java:136)
	at org.openqa.selenium.remote.service.DriverCommandExecutor.execute(DriverCommandExecutor.java:83)
	at org.openqa.selenium.remote.RemoteWebDriver.execute(RemoteWebDriver.java:552)
	at org.openqa.selenium.remote.RemoteWebDriver.startSession(RemoteWebDriver.java:213)
	at org.openqa.selenium.remote.RemoteWebDriver.&lt;init&gt;(RemoteWebDriver.java:131)
	at org.openqa.selenium.chrome.ChromeDriver.&lt;init&gt;(ChromeDriver.java:181)
	at org.openqa.selenium.chrome.ChromeDriver.&lt;init&gt;(ChromeDriver.java:168)
	at org.openqa.selenium.chrome.ChromeDriver.&lt;init&gt;(ChromeDriver.java:123)
	at com.pom.base.BaseDriverFactory.createDriver(BaseDriverFactory.java:36)
	at com.pom.base.BaseTest.setUp(BaseTest.java:49)
... Removed 38 stack frames</div></td></tr></table><p class="totop"><a href="#summary">back to summary</a></p>
<h3 id="m6">com.herokuapp.theinternet.AlertTests#alertAcceptTest</h3><table class="result"><tr><th class="invisible"/></tr></table><p class="totop"><a href="#summary">back to summary</a></p>
<h3 id="m7">com.herokuapp.theinternet.AlertTests#alertInfoTest</h3><table class="result"><tr><th class="invisible"/></tr></table><p class="totop"><a href="#summary">back to summary</a></p>
<h3 id="m8">com.herokuapp.theinternet.AlertTests#alertPromptText</h3><table class="result"><tr><th class="invisible"/></tr></table><p class="totop"><a href="#summary">back to summary</a></p>
<h3 id="m9">com.herokuapp.theinternet.CheckBoxPageTest#checkboxclick</h3><table class="result"><tr><th class="invisible"/></tr></table><p class="totop"><a href="#summary">back to summary</a></p>
<h3 id="m10">com.herokuapp.theinternet.DataProviderTests#dataProviderTest</h3><table class="result"><tr class="param"><th>Parameter #1</th><th>Parameter #2</th></tr><tr class="param stripe"><td>1</td><td>text2.txt</td></tr></table><p class="totop"><a href="#summary">back to summary</a></p>
<h3 id="m11">com.herokuapp.theinternet.DataProviderTests#dataProviderTest</h3><table class="result"><tr class="param"><th>Parameter #1</th><th>Parameter #2</th></tr><tr class="param stripe"><td>2</td><td>text3.txt</td></tr></table><p class="totop"><a href="#summary">back to summary</a></p>
<h3 id="m12">com.herokuapp.theinternet.FrameHandelingTest#frameTest</h3><table class="result"><tr><th class="invisible"/></tr></table><p class="totop"><a href="#summary">back to summary</a></p>
<h3 id="m13">com.herokuapp.theinternet.LoginTests#negativLoginTests</h3><table class="result"><tr class="param"><th>Parameter #1</th><th>Parameter #2</th><th>Parameter #3</th></tr><tr class="param stripe"><td>tomsmith</td><td>sss</td><td>Your password is invalid!</td></tr></table><p class="totop"><a href="#summary">back to summary</a></p>
<h3 id="m14">com.herokuapp.theinternet.LoginTests#positiveLoginTest</h3><table class="result"><tr><th class="invisible"/></tr></table><p class="totop"><a href="#summary">back to summary</a></p>
<h3 id="m15">com.herokuapp.theinternet.NegativeLoginTests#negativeLoginTest</h3><table class="result"><tr class="param"><th>Parameter #1</th></tr><tr class="param stripe"><td>{no=3, description=incorrect username, password=SuperSecretPassword!, userName=, message=Your username is invalid!}</td></tr></table><p class="totop"><a href="#summary">back to summary</a></p>
<h3 id="m16">com.herokuapp.theinternet.NegativeLoginTests#negativeLoginTest</h3><table class="result"><tr class="param"><th>Parameter #1</th></tr><tr class="param stripe"><td>{no=5, description=incorrect username, password=err, userName=eee, message=Your username is invalid!}</td></tr></table><p class="totop"><a href="#summary">back to summary</a></p>
<h3 id="m17">com.herokuapp.theinternet.NegativeLoginTests#negativeLoginTest</h3><table class="result"><tr class="param"><th>Parameter #1</th></tr><tr class="param stripe"><td>{no=2, description=incorrect username, password=SuperSecretPassword!, userName=sss, message=Your username is invalid!}</td></tr></table><p class="totop"><a href="#summary">back to summary</a></p>
<h3 id="m18">com.herokuapp.theinternet.NegativeLoginTests#negativeLoginTest</h3><table class="result"><tr class="param"><th>Parameter #1</th></tr><tr class="param stripe"><td>{no=1, description=incorrect password, password=sss, userName=tomsmith, message=Your password is invalid!}</td></tr></table><p class="totop"><a href="#summary">back to summary</a></p>
<h3 id="m19">com.herokuapp.theinternet.NegativeLoginTests#negativeLoginTest</h3><table class="result"><tr class="param"><th>Parameter #1</th></tr><tr class="param stripe"><td>{no=4, description=incorrect password, password=, userName=tomsmith, message=Your password is invalid!}</td></tr></table><p class="totop"><a href="#summary">back to summary</a></p>
<h3 id="m20">com.herokuapp.theinternet.NewWindowTest#newWindowTest</h3><table class="result"><tr><th class="invisible"/></tr></table><p class="totop"><a href="#summary">back to summary</a></p>
<h3 id="m21">com.herokuapp.theinternet.PositivTests#loginTest</h3><table class="result"><tr><th class="invisible"/></tr></table><p class="totop"><a href="#summary">back to summary</a></p>
<h3 id="m22">com.herokuapp.theinternet.PositiveLoginTests#PositiveLoginTest</h3><table class="result"><tr class="param"><th>Parameter #1</th></tr><tr class="param stripe"><td>{no=1, description=correct credential, password= SuperSecretPassword!, userName=tomsmith, message=}</td></tr></table><p class="totop"><a href="#summary">back to summary</a></p>
<h3 id="m23">com.herokuapp.theinternet.PositiveLoginTests#PositiveLoginTest</h3><table class="result"><tr class="param"><th>Parameter #1</th></tr><tr class="param stripe"><td>{no=2, description=correct credential, password= SuperSecretPassword!, userName=tomsmith, message=You logged In}</td></tr></table><p class="totop"><a href="#summary">back to summary</a></p>
<h3 id="m24">com.herokuapp.theinternet.PositiveLoginTests#PositiveLoginTest1</h3><table class="result"><tr class="param"><th>Parameter #1</th></tr><tr class="param stripe"><td>[tomsmith,  SuperSecretPassword!]</td></tr></table><p class="totop"><a href="#summary">back to summary</a></p>
<h3 id="m25">com.herokuapp.theinternet.PositiveLoginTests#PositiveLoginTest1</h3><table class="result"><tr class="param"><th>Parameter #1</th></tr><tr class="param stripe"><td>[tomsmith,  SuperSecretPassword!]</td></tr></table><p class="totop"><a href="#summary">back to summary</a></p>
<h3 id="m26">com.herokuapp.theinternet.PositiveLoginTests#PositiveLoginTest1</h3><table class="result"><tr class="param"><th>Parameter #1</th></tr><tr class="param stripe"><td>[tomsmith,  SuperSecretPassword!]</td></tr></table><p class="totop"><a href="#summary">back to summary</a></p>
<h3 id="m27">com.herokuapp.theinternet.UploadFileTest#uploadFile</h3><table class="result"><tr><th class="invisible"/></tr></table><p class="totop"><a href="#summary">back to summary</a></p>
</body>
</html>
