<?xml version="1.0" encoding="UTF-8"?>
<!-- Generated by org.testng.reporters.JUnitXMLReporter -->
<testsuite ignored="1" hostname="Maharshis-MBP.fritz.box" failures="0" tests="1" name="PositiveLoginTests" time="4.494" errors="0" timestamp="03 Jun 2020 16:10:36 GMT">
  <testcase classname="com.main.BaseClass" name="@BeforeMethod setUp" time="4.318">
    <failure type="org.openqa.selenium.SessionNotCreatedException" message="session not created: This version of ChromeDriver only supports Chrome version 80
Build info: version: &amp;apos;3.141.59&amp;apos;, revision: &amp;apos;e82be7d358&amp;apos;, time: &amp;apos;2018-11-14T08:17:03&amp;apos;
System info: host: &amp;apos;Maharshis-MBP.fritz.box&amp;apos;, ip: &amp;apos;fe80:0:0:0:82e6:50ff:fe13:a85e%en0&amp;apos;, os.name: &amp;apos;Mac OS X&amp;apos;, os.arch: &amp;apos;x86_64&amp;apos;, os.version: &amp;apos;10.11.6&amp;apos;, java.version: &amp;apos;13.0.2&amp;apos;
Driver info: driver.version: ChromeDriver
remote stacktrace: 0   chromedriver                        0x00000001049d7329 chromedriver + 3838761
1   chromedriver                        0x0000000104971123 chromedriver + 3420451
2   chromedriver                        0x00000001046e562f chromedriver + 751151
3   chromedriver                        0x0000000104646fa6 chromedriver + 102310
4   chromedriver                        0x0000000104642f7f chromedriver + 85887
5   chromedriver                        0x0000000104672473 chromedriver + 279667
6   chromedriver                        0x000000010466f2b3 chromedriver + 266931
7   chromedriver                        0x00000001046490bd chromedriver + 110781
8   chromedriver                        0x000000010464a055 chromedriver + 114773
9   chromedriver                        0x0000000104998ebf chromedriver + 3583679
10  chromedriver                        0x00000001049a5e4a chromedriver + 3636810
11  chromedriver                        0x00000001049a5be7 chromedriver + 3636199
12  chromedriver                        0x000000010497c839 chromedriver + 3467321
13  chromedriver                        0x00000001049a6707 chromedriver + 3639047
14  chromedriver                        0x000000010498ecc7 chromedriver + 3542215
15  chromedriver                        0x00000001049bc324 chromedriver + 3728164
16  chromedriver                        0x00000001049dd387 chromedriver + 3863431
17  libsystem_pthread.dylib             0x00007fff8cbca99d _pthread_body + 131
18  libsystem_pthread.dylib             0x00007fff8cbca91a _pthread_body + 0
19  libsystem_pthread.dylib             0x00007fff8cbc8351 thread_start + 13
">
      <![CDATA[org.openqa.selenium.SessionNotCreatedException: session not created: This version of ChromeDriver only supports Chrome version 80
Build info: version: '3.141.59', revision: 'e82be7d358', time: '2018-11-14T08:17:03'
System info: host: 'Maharshis-MBP.fritz.box', ip: 'fe80:0:0:0:82e6:50ff:fe13:a85e%en0', os.name: 'Mac OS X', os.arch: 'x86_64', os.version: '10.11.6', java.version: '13.0.2'
Driver info: driver.version: ChromeDriver
remote stacktrace: 0   chromedriver                        0x00000001049d7329 chromedriver + 3838761
1   chromedriver                        0x0000000104971123 chromedriver + 3420451
2   chromedriver                        0x00000001046e562f chromedriver + 751151
3   chromedriver                        0x0000000104646fa6 chromedriver + 102310
4   chromedriver                        0x0000000104642f7f chromedriver + 85887
5   chromedriver                        0x0000000104672473 chromedriver + 279667
6   chromedriver                        0x000000010466f2b3 chromedriver + 266931
7   chromedriver                        0x00000001046490bd chromedriver + 110781
8   chromedriver                        0x000000010464a055 chromedriver + 114773
9   chromedriver                        0x0000000104998ebf chromedriver + 3583679
10  chromedriver                        0x00000001049a5e4a chromedriver + 3636810
11  chromedriver                        0x00000001049a5be7 chromedriver + 3636199
12  chromedriver                        0x000000010497c839 chromedriver + 3467321
13  chromedriver                        0x00000001049a6707 chromedriver + 3639047
14  chromedriver                        0x000000010498ecc7 chromedriver + 3542215
15  chromedriver                        0x00000001049bc324 chromedriver + 3728164
16  chromedriver                        0x00000001049dd387 chromedriver + 3863431
17  libsystem_pthread.dylib             0x00007fff8cbca99d _pthread_body + 131
18  libsystem_pthread.dylib             0x00007fff8cbca91a _pthread_body + 0
19  libsystem_pthread.dylib             0x00007fff8cbc8351 thread_start + 13

at org.openqa.selenium.remote.W3CHandshakeResponse.lambda$errorHandler$0(W3CHandshakeResponse.java:62)
at org.openqa.selenium.remote.HandshakeResponse.lambda$getResponseFunction$0(HandshakeResponse.java:30)
at org.openqa.selenium.remote.ProtocolHandshake.lambda$createSession$0(ProtocolHandshake.java:126)
at java.base/java.util.stream.ReferencePipeline$3$1.accept(ReferencePipeline.java:195)
at java.base/java.util.Spliterators$ArraySpliterator.tryAdvance(Spliterators.java:958)
at java.base/java.util.stream.ReferencePipeline.forEachWithCancel(ReferencePipeline.java:127)
at java.base/java.util.stream.AbstractPipeline.copyIntoWithCancel(AbstractPipeline.java:502)
at java.base/java.util.stream.AbstractPipeline.copyInto(AbstractPipeline.java:488)
at java.base/java.util.stream.AbstractPipeline.wrapAndCopyInto(AbstractPipeline.java:474)
at java.base/java.util.stream.FindOps$FindOp.evaluateSequential(FindOps.java:150)
at java.base/java.util.stream.AbstractPipeline.evaluate(AbstractPipeline.java:234)
at java.base/java.util.stream.ReferencePipeline.findFirst(ReferencePipeline.java:543)
at org.openqa.selenium.remote.ProtocolHandshake.createSession(ProtocolHandshake.java:128)
at org.openqa.selenium.remote.ProtocolHandshake.createSession(ProtocolHandshake.java:74)
at org.openqa.selenium.remote.HttpCommandExecutor.execute(HttpCommandExecutor.java:136)
at org.openqa.selenium.remote.service.DriverCommandExecutor.execute(DriverCommandExecutor.java:83)
at org.openqa.selenium.remote.RemoteWebDriver.execute(RemoteWebDriver.java:552)
at org.openqa.selenium.remote.RemoteWebDriver.startSession(RemoteWebDriver.java:213)
at org.openqa.selenium.remote.RemoteWebDriver.<init>(RemoteWebDriver.java:131)
at org.openqa.selenium.chrome.ChromeDriver.<init>(ChromeDriver.java:181)
at org.openqa.selenium.chrome.ChromeDriver.<init>(ChromeDriver.java:168)
at org.openqa.selenium.chrome.ChromeDriver.<init>(ChromeDriver.java:123)
at com.main.BaseClass.setUp(BaseClass.java:24)
at java.base/java.util.concurrent.FutureTask.run(FutureTask.java:264)
at java.base/java.util.concurrent.ThreadPoolExecutor.runWorker(ThreadPoolExecutor.java:1128)
at java.base/java.util.concurrent.ThreadPoolExecutor$Worker.run(ThreadPoolExecutor.java:628)
at java.base/java.lang.Thread.run(Thread.java:830)
... Removed 24 stack frames]]>
    </failure>
  </testcase> <!-- @BeforeMethod setUp -->
  <testcase classname="com.main.BaseClass" name="@AfterMethod closeDriver" time="0.007">
    <failure type="java.lang.NullPointerException">
      <![CDATA[java.lang.NullPointerException
at com.main.BaseClass.closeDriver(BaseClass.java:47)
at java.base/java.util.concurrent.FutureTask.run(FutureTask.java:264)
at java.base/java.util.concurrent.ThreadPoolExecutor.runWorker(ThreadPoolExecutor.java:1128)
at java.base/java.util.concurrent.ThreadPoolExecutor$Worker.run(ThreadPoolExecutor.java:628)
at java.base/java.lang.Thread.run(Thread.java:830)
... Removed 19 stack frames]]>
    </failure>
  </testcase> <!-- @AfterMethod closeDriver -->
  <testcase classname="com.herokuapp.theinternet.LoginTests" name="positiveLoginTest" time="0.0">
    <skipped/>
  </testcase> <!-- positiveLoginTest -->
  <testcase classname="com.herokuapp.theinternet.LoginTests" name="negativLoginTests" time="0.0">
    <ignored/>
  </testcase> <!-- negativLoginTests -->
</testsuite> <!-- PositiveLoginTests -->
