<?xml version="1.0" encoding="UTF-8"?>
<!-- Generated by org.testng.reporters.JUnitReportReporter -->
<testsuite hostname="Maharshis-MBP.fritz.box" failures="0" tests="3" name="com.herokuapp.theinternet.ExceptionDemo" time="4.380" errors="2" timestamp="03 Jun 2020 16:10:46 GMT" skipped="1">
  <testcase classname="com.herokuapp.theinternet.ExceptionDemo" name="closeDriver" time="0.001">
    <error type="java.lang.NullPointerException">
      <![CDATA[java.lang.NullPointerException
at com.main.BaseClass.closeDriver(BaseClass.java:47)
at java.base/jdk.internal.reflect.NativeMethodAccessorImpl.invoke0(Native Method)
at java.base/jdk.internal.reflect.NativeMethodAccessorImpl.invoke(NativeMethodAccessorImpl.java:62)
at java.base/jdk.internal.reflect.DelegatingMethodAccessorImpl.invoke(DelegatingMethodAccessorImpl.java:43)
at java.base/java.lang.reflect.Method.invoke(Method.java:567)
at org.testng.internal.MethodInvocationHelper.invokeMethod(MethodInvocationHelper.java:124)
at org.testng.internal.MethodInvocationHelper.invokeMethodConsideringTimeout(MethodInvocationHelper.java:59)
at org.testng.internal.Invoker.invokeConfigurationMethod(Invoker.java:458)
at org.testng.internal.Invoker.invokeConfigurations(Invoker.java:222)
at org.testng.internal.Invoker.invokeMethod(Invoker.java:536)
at org.testng.internal.Invoker.invokeTestMethod(Invoker.java:719)
at org.testng.internal.Invoker.invokeTestMethods(Invoker.java:989)
at org.testng.internal.TestMethodWorker.invokeTestMethods(TestMethodWorker.java:125)
at org.testng.internal.TestMethodWorker.run(TestMethodWorker.java:109)
at org.testng.TestRunner.privateRun(TestRunner.java:648)
at org.testng.TestRunner.run(TestRunner.java:505)
at org.testng.SuiteRunner.runTest(SuiteRunner.java:455)
at org.testng.SuiteRunner.access$000(SuiteRunner.java:40)
at org.testng.SuiteRunner$SuiteWorker.run(SuiteRunner.java:489)
at org.testng.internal.thread.ThreadUtil$1.call(ThreadUtil.java:52)
at java.base/java.util.concurrent.FutureTask.run(FutureTask.java:264)
at java.base/java.util.concurrent.ThreadPoolExecutor.runWorker(ThreadPoolExecutor.java:1128)
at java.base/java.util.concurrent.ThreadPoolExecutor$Worker.run(ThreadPoolExecutor.java:628)
at java.base/java.lang.Thread.run(Thread.java:830)
]]>
    </error>
  </testcase> <!-- closeDriver -->
  <testcase classname="com.herokuapp.theinternet.ExceptionDemo" name="enableTextbox" time="0.000">
    <skipped/>
  </testcase> <!-- enableTextbox -->
  <testcase classname="com.herokuapp.theinternet.ExceptionDemo" name="setUp" time="4.379">
    <error message="session not created: This version of ChromeDriver only supports Chrome version 80
Build info: version: &#039;3.141.59&#039;, revision: &#039;e82be7d358&#039;, time: &#039;2018-11-14T08:17:03&#039;
System info: host: &#039;Maharshis-MBP.fritz.box&#039;, ip: &#039;fe80:0:0:0:82e6:50ff:fe13:a85e%en0&#039;, os.name: &#039;Mac OS X&#039;, os.arch: &#039;x86_64&#039;, os.version: &#039;10.11.6&#039;, java.version: &#039;13.0.2&#039;
Driver info: driver.version: ChromeDriver
remote stacktrace: 0   chromedriver                        0x000000010c152329 chromedriver + 3838761
1   chromedriver                        0x000000010c0ec123 chromedriver + 3420451
2   chromedriver                        0x000000010be6062f chromedriver + 751151
3   chromedriver                        0x000000010bdc1fa6 chromedriver + 102310
4   chromedriver                        0x000000010bdbdf7f chromedriver + 85887
5   chromedriver                        0x000000010bded473 chromedriver + 279667
6   chromedriver                        0x000000010bdea2b3 chromedriver + 266931
7   chromedriver                        0x000000010bdc40bd chromedriver + 110781
8   chromedriver                        0x000000010bdc5055 chromedriver + 114773
9   chromedriver                        0x000000010c113ebf chromedriver + 3583679
10  chromedriver                        0x000000010c120e4a chromedriver + 3636810
11  chromedriver                        0x000000010c120be7 chromedriver + 3636199
12  chromedriver                        0x000000010c0f7839 chromedriver + 3467321
13  chromedriver                        0x000000010c121707 chromedriver + 3639047
14  chromedriver                        0x000000010c109cc7 chromedriver + 3542215
15  chromedriver                        0x000000010c137324 chromedriver + 3728164
16  chromedriver                        0x000000010c158387 chromedriver + 3863431
17  libsystem_pthread.dylib             0x00007fff8cbca99d _pthread_body + 131
18  libsystem_pthread.dylib             0x00007fff8cbca91a _pthread_body + 0
19  libsystem_pthread.dylib             0x00007fff8cbc8351 thread_start + 13
" type="org.openqa.selenium.SessionNotCreatedException">
      <![CDATA[org.openqa.selenium.SessionNotCreatedException: session not created: This version of ChromeDriver only supports Chrome version 80
Build info: version: '3.141.59', revision: 'e82be7d358', time: '2018-11-14T08:17:03'
System info: host: 'Maharshis-MBP.fritz.box', ip: 'fe80:0:0:0:82e6:50ff:fe13:a85e%en0', os.name: 'Mac OS X', os.arch: 'x86_64', os.version: '10.11.6', java.version: '13.0.2'
Driver info: driver.version: ChromeDriver
remote stacktrace: 0   chromedriver                        0x000000010c152329 chromedriver + 3838761
1   chromedriver                        0x000000010c0ec123 chromedriver + 3420451
2   chromedriver                        0x000000010be6062f chromedriver + 751151
3   chromedriver                        0x000000010bdc1fa6 chromedriver + 102310
4   chromedriver                        0x000000010bdbdf7f chromedriver + 85887
5   chromedriver                        0x000000010bded473 chromedriver + 279667
6   chromedriver                        0x000000010bdea2b3 chromedriver + 266931
7   chromedriver                        0x000000010bdc40bd chromedriver + 110781
8   chromedriver                        0x000000010bdc5055 chromedriver + 114773
9   chromedriver                        0x000000010c113ebf chromedriver + 3583679
10  chromedriver                        0x000000010c120e4a chromedriver + 3636810
11  chromedriver                        0x000000010c120be7 chromedriver + 3636199
12  chromedriver                        0x000000010c0f7839 chromedriver + 3467321
13  chromedriver                        0x000000010c121707 chromedriver + 3639047
14  chromedriver                        0x000000010c109cc7 chromedriver + 3542215
15  chromedriver                        0x000000010c137324 chromedriver + 3728164
16  chromedriver                        0x000000010c158387 chromedriver + 3863431
17  libsystem_pthread.dylib             0x00007fff8cbca99d _pthread_body + 131
18  libsystem_pthread.dylib             0x00007fff8cbca91a _pthread_body + 0
19  libsystem_pthread.dylib             0x00007fff8cbc8351 thread_start + 13

at java.base/jdk.internal.reflect.NativeConstructorAccessorImpl.newInstance0(Native Method)
at java.base/jdk.internal.reflect.NativeConstructorAccessorImpl.newInstance(NativeConstructorAccessorImpl.java:62)
at java.base/jdk.internal.reflect.DelegatingConstructorAccessorImpl.newInstance(DelegatingConstructorAccessorImpl.java:45)
at java.base/java.lang.reflect.Constructor.newInstanceWithCaller(Constructor.java:500)
at java.base/java.lang.reflect.Constructor.newInstance(Constructor.java:481)
at org.openqa.selenium.remote.W3CHandshakeResponse.lambda$errorHandler$0(W3CHandshakeResponse.java:62)
at org.openqa.selenium.remote.HandshakeResponse.lambda$getResponseFunction$0(HandshakeResponse.java:30)
at org.openqa.selenium.remote.ProtocolHandshake.lambda$createSession$0(ProtocolHandshake.java:126)
at java.base/java.util.stream.ReferencePipeline$3$1.accept(ReferencePipeline.java:195)
at java.base/java.util.Spliterators$ArraySpliterator.tryAdvance(Spliterators.java:958)
at java.base/java.util.stream.ReferencePipeline.forEachWithCancel(ReferencePipeline.java:127)
at java.base/java.util.stream.AbstractPipeline.copyIntoWithCancel(AbstractPipeline.java:502)
at java.base/java.util.stream.AbstractPipeline.copyInto(AbstractPipeline.java:488)
at java.base/java.util.stream.AbstractPipeline.wrapAndCopyInto(AbstractPipeline.java:474)
at java.base/java.util.stream.FindOps$FindOp.evaluateSequential(FindOps.java:150)
at java.base/java.util.stream.AbstractPipeline.evaluate(AbstractPipeline.java:234)
at java.base/java.util.stream.ReferencePipeline.findFirst(ReferencePipeline.java:543)
at org.openqa.selenium.remote.ProtocolHandshake.createSession(ProtocolHandshake.java:128)
at org.openqa.selenium.remote.ProtocolHandshake.createSession(ProtocolHandshake.java:74)
at org.openqa.selenium.remote.HttpCommandExecutor.execute(HttpCommandExecutor.java:136)
at org.openqa.selenium.remote.service.DriverCommandExecutor.execute(DriverCommandExecutor.java:83)
at org.openqa.selenium.remote.RemoteWebDriver.execute(RemoteWebDriver.java:552)
at org.openqa.selenium.remote.RemoteWebDriver.startSession(RemoteWebDriver.java:213)
at org.openqa.selenium.remote.RemoteWebDriver.<init>(RemoteWebDriver.java:131)
at org.openqa.selenium.chrome.ChromeDriver.<init>(ChromeDriver.java:181)
at org.openqa.selenium.chrome.ChromeDriver.<init>(ChromeDriver.java:168)
at org.openqa.selenium.chrome.ChromeDriver.<init>(ChromeDriver.java:123)
at com.main.BaseClass.setUp(BaseClass.java:24)
at java.base/jdk.internal.reflect.NativeMethodAccessorImpl.invoke0(Native Method)
at java.base/jdk.internal.reflect.NativeMethodAccessorImpl.invoke(NativeMethodAccessorImpl.java:62)
at java.base/jdk.internal.reflect.DelegatingMethodAccessorImpl.invoke(DelegatingMethodAccessorImpl.java:43)
at java.base/java.lang.reflect.Method.invoke(Method.java:567)
at org.testng.internal.MethodInvocationHelper.invokeMethod(MethodInvocationHelper.java:124)
at org.testng.internal.MethodInvocationHelper.invokeMethodConsideringTimeout(MethodInvocationHelper.java:59)
at org.testng.internal.Invoker.invokeConfigurationMethod(Invoker.java:458)
at org.testng.internal.Invoker.invokeConfigurations(Invoker.java:222)
at org.testng.internal.Invoker.invokeMethod(Invoker.java:523)
at org.testng.internal.Invoker.invokeTestMethod(Invoker.java:719)
at org.testng.internal.Invoker.invokeTestMethods(Invoker.java:989)
at org.testng.internal.TestMethodWorker.invokeTestMethods(TestMethodWorker.java:125)
at org.testng.internal.TestMethodWorker.run(TestMethodWorker.java:109)
at org.testng.TestRunner.privateRun(TestRunner.java:648)
at org.testng.TestRunner.run(TestRunner.java:505)
at org.testng.SuiteRunner.runTest(SuiteRunner.java:455)
at org.testng.SuiteRunner.access$000(SuiteRunner.java:40)
at org.testng.SuiteRunner$SuiteWorker.run(SuiteRunner.java:489)
at org.testng.internal.thread.ThreadUtil$1.call(ThreadUtil.java:52)
at java.base/java.util.concurrent.FutureTask.run(FutureTask.java:264)
at java.base/java.util.concurrent.ThreadPoolExecutor.runWorker(ThreadPoolExecutor.java:1128)
at java.base/java.util.concurrent.ThreadPoolExecutor$Worker.run(ThreadPoolExecutor.java:628)
at java.base/java.lang.Thread.run(Thread.java:830)
]]>
    </error>
  </testcase> <!-- setUp -->
</testsuite> <!-- com.herokuapp.theinternet.ExceptionDemo -->
