<?xml version="1.0" encoding="UTF-8"?>
<!-- Generated by org.testng.reporters.JUnitXMLReporter -->
<testsuite ignored="0" hostname="Maharshis-MBP.fritz.box" failures="0" tests="1" name="CheckBoxTestTest-Phantomsjs" time="1.164" errors="0" timestamp="10 Apr 2020 10:16:46 GMT">
  <testcase classname="com.pom.base.BaseTest" name="@BeforeMethod setUp" time="1.106">
    <failure type="java.lang.IllegalStateException" message="The driver is not executable: /Users/maharshi/eclipse-workspace/selenium-for-beginner/src/main/resources/phantomjs">
      <![CDATA[java.lang.IllegalStateException: The driver is not executable: /Users/maharshi/eclipse-workspace/selenium-for-beginner/src/main/resources/phantomjs
at com.google.common.base.Preconditions.checkState(Preconditions.java:585)
at org.openqa.selenium.remote.service.DriverService.checkExecutable(DriverService.java:150)
at org.openqa.selenium.phantomjs.PhantomJSDriverService.findPhantomJS(PhantomJSDriverService.java:254)
at org.openqa.selenium.phantomjs.PhantomJSDriverService.createDefaultService(PhantomJSDriverService.java:190)
at org.openqa.selenium.phantomjs.PhantomJSDriver.<init>(PhantomJSDriver.java:104)
at org.openqa.selenium.phantomjs.PhantomJSDriver.<init>(PhantomJSDriver.java:94)
at com.pom.base.BaseDriverFactory.createDriver(BaseDriverFactory.java:62)
at com.pom.base.BaseTest.setUp(BaseTest.java:47)
... Removed 28 stack frames]]>
    </failure>
  </testcase> <!-- @BeforeMethod setUp -->
  <testcase classname="com.pom.base.BaseTest" name="@AfterMethod tearDown" time="0.001">
    <failure type="java.lang.NullPointerException">
      <![CDATA[java.lang.NullPointerException
at com.pom.base.BaseTest.tearDown(BaseTest.java:71)
... Removed 28 stack frames]]>
    </failure>
  </testcase> <!-- @AfterMethod tearDown -->
  <testcase classname="com.herokuapp.theinternet.CheckBoxPageTest" name="checkboxclick" time="0.0">
    <skipped/>
  </testcase> <!-- checkboxclick -->
</testsuite> <!-- CheckBoxTestTest-Phantomsjs -->
